<?xml version="1.0" encoding="UTF-8"?>
<!-- Generated by org.testng.reporters.JUnitReportReporter -->
<testsuite skipped="0" hostname="MacBook-Pro-3.home" name="TestingPackage.TestingProducts" tests="1" failures="0" timestamp="21 Apr 2020 18:54:57 GMT" time="27.762" errors="0">
  <testcase name="serchProducts" time="27.762" classname="TestingPackage.TestingProducts"/>
</testsuite> <!-- TestingPackage.TestingProducts -->
