<?xml version="1.0" encoding="UTF-8"?>
<!-- Generated by org.testng.reporters.JUnitReportReporter -->
<testsuite skipped="0" hostname="MacBook-Pro-3.home" name="WalmartTestingPackage.TitleTesting" tests="1" failures="0" timestamp="21 Apr 2020 18:54:27 GMT" time="19.894" errors="0">
  <testcase name="testTitle" time="19.894" classname="WalmartTestingPackage.TitleTesting"/>
</testsuite> <!-- WalmartTestingPackage.TitleTesting -->
